<?xml version="1.0" encoding="UTF-8"?>
<!-- Generated by org.testng.reporters.JUnitReportReporter -->
<testsuite skipped="0" hostname="DESKTOP-SFHGNCL" name="com.qa.logtest.LogLogin" tests="2" failures="0" timestamp="03 Oct 2018 14:00:51 GMT" time="73.559" errors="0">
  <testcase name="freeCrmTestTitle" time="40.780" classname="com.qa.logtest.LogLogin"/>
  <testcase name="freeCrmLogo" time="32.779" classname="com.qa.logtest.LogLogin"/>
</testsuite> <!-- com.qa.logtest.LogLogin -->
