<?xml version="1.0" encoding="UTF-8"?>
<!-- Generated by org.testng.reporters.JUnitReportReporter -->
<testsuite skipped="0" hostname="DESKTOP-SFHGNCL" name="com.qa.tests.TestLogin" tests="1" failures="0" timestamp="03 Oct 2018 08:02:51 GMT" time="41.902" errors="0">
  <testcase name="testLogin" time="41.902" classname="com.qa.tests.TestLogin"/>
</testsuite> <!-- com.qa.tests.TestLogin -->
